# JRE version: Java(TM) SE Runtime Environment (17.0.7+8) (build 17.0.7+8-LTS-224)
# Java VM: Java HotSpot(TM) 64-Bit Server VM (17.0.7+8-LTS-224, mixed mode, sharing, tiered, compressed oops, compressed class ptrs, g1 gc, windows-amd64)
GC Precious Log:
 CPUs: 8 total, 8 available
 Memory: 12069M
 Large Page Support: Disabled
 NUMA Support: Disabled
 Compressed Oops: Enabled (32-bit)
 Heap Region Size: 1M
 Heap Min Capacity: 8M
 Heap Initial Capacity: 190M
 Heap Max Capacity: 2G
 Pre-touch: Disabled
 Parallel Workers: 8
 Concurrent Workers: 2
 Concurrent Refinement Workers: 8
 Periodic GC: Disabled
Heap:
 garbage-first heap   total 386048K, used 359215K [0x0000000080000000, 0x0000000100000000)
  region size 1024K, 17 young (17408K), 1 survivors (1024K)
 Metaspace       used 136604K, committed 138496K, reserved 544768K
  class space    used 17996K, committed 18816K, reserved 421888K
GC Heap History (20 events):
Event: 84.945 GC heap before
{Heap before GC invocations=81 (full 0):
 garbage-first heap   total 386048K, used 348601K [0x0000000080000000, 0x0000000100000000)
  region size 1024K, 18 young (18432K), 3 survivors (3072K)
 Metaspace       used 133181K, committed 134912K, reserved 544768K
  class space    used 17596K, committed 18432K, reserved 421888K
}
Event: 84.949 GC heap after
{Heap after GC invocations=82 (full 0):
 garbage-first heap   total 386048K, used 333878K [0x0000000080000000, 0x0000000100000000)
  region size 1024K, 2 young (2048K), 2 survivors (2048K)
 Metaspace       used 133181K, committed 134912K, reserved 544768K
  class space    used 17596K, committed 18432K, reserved 421888K
}
Event: 85.527 GC heap before
{Heap before GC invocations=82 (full 0):
 garbage-first heap   total 386048K, used 350262K [0x0000000080000000, 0x0000000100000000)
  region size 1024K, 18 young (18432K), 2 survivors (2048K)
 Metaspace       used 133270K, committed 135040K, reserved 544768K
  class space    used 17596K, committed 18432K, reserved 421888K
}
Event: 85.532 GC heap after
{Heap after GC invocations=83 (full 0):
 garbage-first heap   total 386048K, used 334397K [0x0000000080000000, 0x0000000100000000)
  region size 1024K, 2 young (2048K), 2 survivors (2048K)
 Metaspace       used 133270K, committed 135040K, reserved 544768K
  class space    used 17596K, committed 18432K, reserved 421888K
}
Event: 86.271 GC heap before
{Heap before GC invocations=83 (full 0):
 garbage-first heap   total 386048K, used 350781K [0x0000000080000000, 0x0000000100000000)
  region size 1024K, 18 young (18432K), 2 survivors (2048K)
 Metaspace       used 133430K, committed 135168K, reserved 544768K
  class space    used 17599K, committed 18432K, reserved 421888K
}
Event: 86.276 GC heap after
{Heap after GC invocations=84 (full 0):
 garbage-first heap   total 386048K, used 335115K [0x0000000080000000, 0x0000000100000000)
  region size 1024K, 2 young (2048K), 2 survivors (2048K)
 Metaspace       used 133430K, committed 135168K, reserved 544768K
  class space    used 17599K, committed 18432K, reserved 421888K
}
Event: 87.028 GC heap before
{Heap before GC invocations=84 (full 0):
 garbage-first heap   total 386048K, used 351499K [0x0000000080000000, 0x0000000100000000)
  region size 1024K, 18 young (18432K), 2 survivors (2048K)
 Metaspace       used 133502K, committed 135232K, reserved 544768K
  class space    used 17599K, committed 18432K, reserved 421888K
}
Event: 87.034 GC heap after
{Heap after GC invocations=85 (full 0):
 garbage-first heap   total 386048K, used 335710K [0x0000000080000000, 0x0000000100000000)
  region size 1024K, 3 young (3072K), 3 survivors (3072K)
 Metaspace       used 133502K, committed 135232K, reserved 544768K
  class space    used 17599K, committed 18432K, reserved 421888K
}
Event: 89.684 GC heap before
{Heap before GC invocations=85 (full 0):
 garbage-first heap   total 386048K, used 350046K [0x0000000080000000, 0x0000000100000000)
  region size 1024K, 18 young (18432K), 3 survivors (3072K)
 Metaspace       used 133971K, committed 135808K, reserved 544768K
  class space    used 17646K, committed 18496K, reserved 421888K
}
Event: 89.691 GC heap after
{Heap after GC invocations=86 (full 0):
 garbage-first heap   total 386048K, used 335293K [0x0000000080000000, 0x0000000100000000)
  region size 1024K, 3 young (3072K), 3 survivors (3072K)
 Metaspace       used 133971K, committed 135808K, reserved 544768K
  class space    used 17646K, committed 18496K, reserved 421888K
}
Event: 90.894 GC heap before
{Heap before GC invocations=86 (full 0):
 garbage-first heap   total 386048K, used 349629K [0x0000000080000000, 0x0000000100000000)
  region size 1024K, 18 young (18432K), 3 survivors (3072K)
 Metaspace       used 134078K, committed 135872K, reserved 544768K
  class space    used 17654K, committed 18496K, reserved 421888K
}
Event: 90.902 GC heap after
{Heap after GC invocations=87 (full 0):
 garbage-first heap   total 386048K, used 337801K [0x0000000080000000, 0x0000000100000000)
  region size 1024K, 3 young (3072K), 3 survivors (3072K)
 Metaspace       used 134078K, committed 135872K, reserved 544768K
  class space    used 17654K, committed 18496K, reserved 421888K
}
Event: 91.426 GC heap before
{Heap before GC invocations=87 (full 0):
 garbage-first heap   total 386048K, used 353161K [0x0000000080000000, 0x0000000100000000)
  region size 1024K, 18 young (18432K), 3 survivors (3072K)
 Metaspace       used 134570K, committed 136384K, reserved 544768K
  class space    used 17721K, committed 18560K, reserved 421888K
}
Event: 91.434 GC heap after
{Heap after GC invocations=88 (full 0):
 garbage-first heap   total 386048K, used 340851K [0x0000000080000000, 0x0000000100000000)
  region size 1024K, 3 young (3072K), 3 survivors (3072K)
 Metaspace       used 134570K, committed 136384K, reserved 544768K
  class space    used 17721K, committed 18560K, reserved 421888K
}
Event: 92.320 GC heap before
{Heap before GC invocations=88 (full 0):
 garbage-first heap   total 386048K, used 355187K [0x0000000080000000, 0x0000000100000000)
  region size 1024K, 18 young (18432K), 3 survivors (3072K)
 Metaspace       used 135250K, committed 137088K, reserved 544768K
  class space    used 17819K, committed 18688K, reserved 421888K
}
Event: 92.326 GC heap after
{Heap after GC invocations=89 (full 0):
 garbage-first heap   total 386048K, used 341494K [0x0000000080000000, 0x0000000100000000)
  region size 1024K, 1 young (1024K), 1 survivors (1024K)
 Metaspace       used 135250K, committed 137088K, reserved 544768K
  class space    used 17819K, committed 18688K, reserved 421888K
}
Event: 93.307 GC heap before
{Heap before GC invocations=89 (full 0):
 garbage-first heap   total 386048K, used 357878K [0x0000000080000000, 0x0000000100000000)
  region size 1024K, 18 young (18432K), 1 survivors (1024K)
 Metaspace       used 135562K, committed 137344K, reserved 544768K
  class space    used 17848K, committed 18688K, reserved 421888K
}
Event: 93.313 GC heap after
{Heap after GC invocations=90 (full 0):
 garbage-first heap   total 386048K, used 344123K [0x0000000080000000, 0x0000000100000000)
  region size 1024K, 3 young (3072K), 3 survivors (3072K)
 Metaspace       used 135562K, committed 137344K, reserved 544768K
  class space    used 17848K, committed 18688K, reserved 421888K
}
Event: 94.475 GC heap before
{Heap before GC invocations=90 (full 0):
 garbage-first heap   total 386048K, used 354363K [0x0000000080000000, 0x0000000100000000)
  region size 1024K, 14 young (14336K), 3 survivors (3072K)
 Metaspace       used 136869K, committed 138624K, reserved 544768K
  class space    used 18014K, committed 18816K, reserved 421888K
}
Event: 94.482 GC heap after
{Heap after GC invocations=91 (full 0):
 garbage-first heap   total 386048K, used 344879K [0x0000000080000000, 0x0000000100000000)
  region size 1024K, 1 young (1024K), 1 survivors (1024K)
 Metaspace       used 136869K, committed 138624K, reserved 544768K
  class space    used 18014K, committed 18816K, reserved 421888K
}

