# JRE version: Java(TM) SE Runtime Environment (17.0.7+8) (build 17.0.7+8-LTS-224)
# Java VM: Java HotSpot(TM) 64-Bit Server VM (17.0.7+8-LTS-224, mixed mode, sharing, tiered, compressed oops, compressed class ptrs, g1 gc, windows-amd64)
GC Precious Log:
 CPUs: 8 total, 8 available
 Memory: 12069M
 Large Page Support: Disabled
 NUMA Support: Disabled
 Compressed Oops: Enabled (32-bit)
 Heap Region Size: 1M
 Heap Min Capacity: 8M
 Heap Initial Capacity: 190M
 Heap Max Capacity: 2G
 Pre-touch: Disabled
 Parallel Workers: 8
 Concurrent Workers: 2
 Concurrent Refinement Workers: 8
 Periodic GC: Disabled
Heap:
 garbage-first heap   total 112640K, used 67285K [0x0000000080000000, 0x0000000100000000)
  region size 1024K, 2 young (2048K), 2 survivors (2048K)
 Metaspace       used 67894K, committed 68608K, reserved 487424K
  class space    used 9332K, committed 9664K, reserved 421888K
GC Heap History (20 events):
Event: 8.918 GC heap after
{Heap after GC invocations=16 (full 0):
 garbage-first heap   total 81920K, used 47994K [0x0000000080000000, 0x0000000100000000)
  region size 1024K, 2 young (2048K), 2 survivors (2048K)
 Metaspace       used 47944K, committed 48512K, reserved 471040K
  class space    used 6713K, committed 6976K, reserved 421888K
}
Event: 9.222 GC heap before
{Heap before GC invocations=17 (full 0):
 garbage-first heap   total 87040K, used 67450K [0x0000000080000000, 0x0000000100000000)
  region size 1024K, 21 young (21504K), 2 survivors (2048K)
 Metaspace       used 49982K, committed 50496K, reserved 471040K
  class space    used 7005K, committed 7232K, reserved 421888K
}
Event: 9.224 GC heap after
{Heap after GC invocations=18 (full 0):
 garbage-first heap   total 87040K, used 49147K [0x0000000080000000, 0x0000000100000000)
  region size 1024K, 3 young (3072K), 3 survivors (3072K)
 Metaspace       used 49982K, committed 50496K, reserved 471040K
  class space    used 7005K, committed 7232K, reserved 421888K
}
Event: 9.411 GC heap before
{Heap before GC invocations=18 (full 0):
 garbage-first heap   total 87040K, used 70651K [0x0000000080000000, 0x0000000100000000)
  region size 1024K, 24 young (24576K), 3 survivors (3072K)
 Metaspace       used 52808K, committed 53376K, reserved 471040K
  class space    used 7370K, committed 7616K, reserved 421888K
}
Event: 9.414 GC heap after
{Heap after GC invocations=19 (full 0):
 garbage-first heap   total 104448K, used 50573K [0x0000000080000000, 0x0000000100000000)
  region size 1024K, 3 young (3072K), 3 survivors (3072K)
 Metaspace       used 52808K, committed 53376K, reserved 471040K
  class space    used 7370K, committed 7616K, reserved 421888K
}
Event: 9.790 GC heap before
{Heap before GC invocations=20 (full 0):
 garbage-first heap   total 104448K, used 80269K [0x0000000080000000, 0x0000000100000000)
  region size 1024K, 33 young (33792K), 3 survivors (3072K)
 Metaspace       used 55544K, committed 56128K, reserved 471040K
  class space    used 7730K, committed 8000K, reserved 421888K
}
Event: 9.793 GC heap after
{Heap after GC invocations=21 (full 0):
 garbage-first heap   total 104448K, used 52327K [0x0000000080000000, 0x0000000100000000)
  region size 1024K, 5 young (5120K), 5 survivors (5120K)
 Metaspace       used 55544K, committed 56128K, reserved 471040K
  class space    used 7730K, committed 8000K, reserved 421888K
}
Event: 9.803 GC heap before
{Heap before GC invocations=21 (full 0):
 garbage-first heap   total 104448K, used 53351K [0x0000000080000000, 0x0000000100000000)
  region size 1024K, 6 young (6144K), 5 survivors (5120K)
 Metaspace       used 55703K, committed 56256K, reserved 471040K
  class space    used 7759K, committed 8000K, reserved 421888K
}
Event: 9.806 GC heap after
{Heap after GC invocations=22 (full 0):
 garbage-first heap   total 104448K, used 52341K [0x0000000080000000, 0x0000000100000000)
  region size 1024K, 1 young (1024K), 1 survivors (1024K)
 Metaspace       used 55703K, committed 56256K, reserved 471040K
  class space    used 7759K, committed 8000K, reserved 421888K
}
Event: 10.108 GC heap before
{Heap before GC invocations=22 (full 0):
 garbage-first heap   total 104448K, used 83061K [0x0000000080000000, 0x0000000100000000)
  region size 1024K, 31 young (31744K), 1 survivors (1024K)
 Metaspace       used 57693K, committed 58304K, reserved 479232K
  class space    used 8073K, committed 8384K, reserved 421888K
}
Event: 10.110 GC heap after
{Heap after GC invocations=23 (full 0):
 garbage-first heap   total 104448K, used 54092K [0x0000000080000000, 0x0000000100000000)
  region size 1024K, 3 young (3072K), 3 survivors (3072K)
 Metaspace       used 57693K, committed 58304K, reserved 479232K
  class space    used 8073K, committed 8384K, reserved 421888K
}
Event: 10.535 GC heap before
{Heap before GC invocations=24 (full 0):
 garbage-first heap   total 104448K, used 82764K [0x0000000080000000, 0x0000000100000000)
  region size 1024K, 32 young (32768K), 3 survivors (3072K)
 Metaspace       used 59754K, committed 60416K, reserved 479232K
  class space    used 8389K, committed 8704K, reserved 421888K
}
Event: 10.539 GC heap after
{Heap after GC invocations=25 (full 0):
 garbage-first heap   total 104448K, used 57247K [0x0000000080000000, 0x0000000100000000)
  region size 1024K, 4 young (4096K), 4 survivors (4096K)
 Metaspace       used 59754K, committed 60416K, reserved 479232K
  class space    used 8389K, committed 8704K, reserved 421888K
}
Event: 10.549 GC heap before
{Heap before GC invocations=25 (full 0):
 garbage-first heap   total 104448K, used 58271K [0x0000000080000000, 0x0000000100000000)
  region size 1024K, 5 young (5120K), 4 survivors (4096K)
 Metaspace       used 59792K, committed 60480K, reserved 479232K
  class space    used 8391K, committed 8704K, reserved 421888K
}
Event: 10.552 GC heap after
{Heap after GC invocations=26 (full 0):
 garbage-first heap   total 104448K, used 57324K [0x0000000080000000, 0x0000000100000000)
  region size 1024K, 1 young (1024K), 1 survivors (1024K)
 Metaspace       used 59792K, committed 60480K, reserved 479232K
  class space    used 8391K, committed 8704K, reserved 421888K
}
Event: 10.857 GC heap before
{Heap before GC invocations=26 (full 0):
 garbage-first heap   total 104448K, used 83948K [0x0000000080000000, 0x0000000100000000)
  region size 1024K, 27 young (27648K), 1 survivors (1024K)
 Metaspace       used 61993K, committed 62592K, reserved 479232K
  class space    used 8666K, committed 8960K, reserved 421888K
}
Event: 10.860 GC heap after
{Heap after GC invocations=27 (full 0):
 garbage-first heap   total 104448K, used 59777K [0x0000000080000000, 0x0000000100000000)
  region size 1024K, 4 young (4096K), 4 survivors (4096K)
 Metaspace       used 61993K, committed 62592K, reserved 479232K
  class space    used 8666K, committed 8960K, reserved 421888K
}
Event: 11.178 GC heap before
{Heap before GC invocations=28 (full 0):
 garbage-first heap   total 112640K, used 85377K [0x0000000080000000, 0x0000000100000000)
  region size 1024K, 28 young (28672K), 4 survivors (4096K)
 Metaspace       used 63624K, committed 64256K, reserved 479232K
  class space    used 8864K, committed 9152K, reserved 421888K
}
Event: 11.182 GC heap after
{Heap after GC invocations=29 (full 0):
 garbage-first heap   total 112640K, used 65892K [0x0000000080000000, 0x0000000100000000)
  region size 1024K, 4 young (4096K), 4 survivors (4096K)
 Metaspace       used 63624K, committed 64256K, reserved 479232K
  class space    used 8864K, committed 9152K, reserved 421888K
}
Event: 11.653 GC heap before
{Heap before GC invocations=29 (full 0):
 garbage-first heap   total 112640K, used 90468K [0x0000000080000000, 0x0000000100000000)
  region size 1024K, 29 young (29696K), 4 survivors (4096K)
 Metaspace       used 67894K, committed 68608K, reserved 487424K
  class space    used 9332K, committed 9664K, reserved 421888K
}

